Reading netlist file: "C:\Gowin\Gowin_V1.9.11_x64\IDE\bin\Documents\RiscVduino\impl\gwsynthesis\RiscVduino.vg"
Parsing netlist file "C:\Gowin\Gowin_V1.9.11_x64\IDE\bin\Documents\RiscVduino\impl\gwsynthesis\RiscVduino.vg" completed
Processing netlist completed
Running placement......
[10%] Placement Phase 0 completed
[20%] Placement Phase 1 completed
[30%] Placement Phase 2 completed
[50%] Placement Phase 3 completed
Running routing......
[60%] Routing Phase 0 completed
[70%] Routing Phase 1 completed
[80%] Routing Phase 2 completed
[90%] Routing Phase 3 completed
Running timing analysis......
[95%] Timing analysis completed
Placement and routing completed
Bitstream generation in progress......
Bitstream generation completed
Running power analysis......
[100%] Power analysis completed
Generate file "C:\Gowin\Gowin_V1.9.11_x64\IDE\bin\Documents\RiscVduino\impl\pnr\RiscVduino.power.html" completed
Generate file "C:\Gowin\Gowin_V1.9.11_x64\IDE\bin\Documents\RiscVduino\impl\pnr\RiscVduino.pin.html" completed
Generate file "C:\Gowin\Gowin_V1.9.11_x64\IDE\bin\Documents\RiscVduino\impl\pnr\RiscVduino.rpt.html" completed
Generate file "C:\Gowin\Gowin_V1.9.11_x64\IDE\bin\Documents\RiscVduino\impl\pnr\RiscVduino.rpt.txt" completed
Generate file "C:\Gowin\Gowin_V1.9.11_x64\IDE\bin\Documents\RiscVduino\impl\pnr\RiscVduino.tr.html" completed
Mon Mar 17 19:49:14 2025

